[     472ms] [WARNING] THREE.WebGLShadowMap: PCFSoftShadowMap has been deprecated. Using PCFShadowMap instead. @ https://cdn.jsdelivr.net/npm/three@0.183.0/build/three.core.js:2000
[   77522ms] [ERROR] WebSocket connection to 'ws://localhost:3000/' failed: Error in connection establishment: net::ERR_CONNECTION_REFUSED @ http://localhost:3000/js/network.js:7
[   77522ms] [ERROR] WebSocket error: Event @ http://localhost:3000/js/network.js:34
[   79525ms] [ERROR] WebSocket connection to 'ws://localhost:3000/' failed: Error in connection establishment: net::ERR_CONNECTION_REFUSED @ http://localhost:3000/js/network.js:7
[   79525ms] [ERROR] WebSocket error: Event @ http://localhost:3000/js/network.js:34
[   81527ms] [ERROR] WebSocket connection to 'ws://localhost:3000/' failed: Error in connection establishment: net::ERR_CONNECTION_REFUSED @ http://localhost:3000/js/network.js:7
[   81527ms] [ERROR] WebSocket error: Event @ http://localhost:3000/js/network.js:34
[   83529ms] [ERROR] WebSocket connection to 'ws://localhost:3000/' failed: Error in connection establishment: net::ERR_CONNECTION_REFUSED @ http://localhost:3000/js/network.js:7
[   83529ms] [ERROR] WebSocket error: Event @ http://localhost:3000/js/network.js:34
[   85532ms] [ERROR] WebSocket connection to 'ws://localhost:3000/' failed: Error in connection establishment: net::ERR_CONNECTION_REFUSED @ http://localhost:3000/js/network.js:7
[   85532ms] [ERROR] WebSocket error: Event @ http://localhost:3000/js/network.js:34
[   87536ms] [ERROR] WebSocket connection to 'ws://localhost:3000/' failed: Error in connection establishment: net::ERR_CONNECTION_REFUSED @ http://localhost:3000/js/network.js:7
[   87536ms] [ERROR] WebSocket error: Event @ http://localhost:3000/js/network.js:34
[   89538ms] [ERROR] WebSocket connection to 'ws://localhost:3000/' failed: Error in connection establishment: net::ERR_CONNECTION_REFUSED @ http://localhost:3000/js/network.js:7
[   89538ms] [ERROR] WebSocket error: Event @ http://localhost:3000/js/network.js:34
[   91540ms] [ERROR] WebSocket connection to 'ws://localhost:3000/' failed: Error in connection establishment: net::ERR_CONNECTION_REFUSED @ http://localhost:3000/js/network.js:7
[   91540ms] [ERROR] WebSocket error: Event @ http://localhost:3000/js/network.js:34
[   93541ms] [ERROR] WebSocket connection to 'ws://localhost:3000/' failed: Error in connection establishment: net::ERR_CONNECTION_REFUSED @ http://localhost:3000/js/network.js:7
[   93541ms] [ERROR] WebSocket error: Event @ http://localhost:3000/js/network.js:34
[   95546ms] [ERROR] WebSocket connection to 'ws://localhost:3000/' failed: Error in connection establishment: net::ERR_CONNECTION_REFUSED @ http://localhost:3000/js/network.js:7
[   95546ms] [ERROR] WebSocket error: Event @ http://localhost:3000/js/network.js:34
[   97548ms] [ERROR] WebSocket connection to 'ws://localhost:3000/' failed: Error in connection establishment: net::ERR_CONNECTION_REFUSED @ http://localhost:3000/js/network.js:7
[   97548ms] [ERROR] WebSocket error: Event @ http://localhost:3000/js/network.js:34
[   99549ms] [ERROR] WebSocket connection to 'ws://localhost:3000/' failed: Error in connection establishment: net::ERR_CONNECTION_REFUSED @ http://localhost:3000/js/network.js:7
[   99549ms] [ERROR] WebSocket error: Event @ http://localhost:3000/js/network.js:34
[  101556ms] [ERROR] WebSocket connection to 'ws://localhost:3000/' failed: Error in connection establishment: net::ERR_CONNECTION_REFUSED @ http://localhost:3000/js/network.js:7
[  101556ms] [ERROR] WebSocket error: Event @ http://localhost:3000/js/network.js:34
[  103561ms] [ERROR] WebSocket connection to 'ws://localhost:3000/' failed: Error in connection establishment: net::ERR_CONNECTION_REFUSED @ http://localhost:3000/js/network.js:7
[  103561ms] [ERROR] WebSocket error: Event @ http://localhost:3000/js/network.js:34
[  105564ms] [ERROR] WebSocket connection to 'ws://localhost:3000/' failed: Error in connection establishment: net::ERR_CONNECTION_REFUSED @ http://localhost:3000/js/network.js:7
[  105564ms] [ERROR] WebSocket error: Event @ http://localhost:3000/js/network.js:34
[  107569ms] [ERROR] WebSocket connection to 'ws://localhost:3000/' failed: Error in connection establishment: net::ERR_CONNECTION_REFUSED @ http://localhost:3000/js/network.js:7
[  107569ms] [ERROR] WebSocket error: Event @ http://localhost:3000/js/network.js:34
[  109577ms] [ERROR] WebSocket connection to 'ws://localhost:3000/' failed: Error in connection establishment: net::ERR_CONNECTION_REFUSED @ http://localhost:3000/js/network.js:7
[  109577ms] [ERROR] WebSocket error: Event @ http://localhost:3000/js/network.js:34
[  111584ms] [ERROR] WebSocket connection to 'ws://localhost:3000/' failed: Error in connection establishment: net::ERR_CONNECTION_REFUSED @ http://localhost:3000/js/network.js:7
[  111584ms] [ERROR] WebSocket error: Event @ http://localhost:3000/js/network.js:34
[  113589ms] [ERROR] WebSocket connection to 'ws://localhost:3000/' failed: Error in connection establishment: net::ERR_CONNECTION_REFUSED @ http://localhost:3000/js/network.js:7
[  113589ms] [ERROR] WebSocket error: Event @ http://localhost:3000/js/network.js:34
[  115597ms] [ERROR] WebSocket connection to 'ws://localhost:3000/' failed: Error in connection establishment: net::ERR_CONNECTION_REFUSED @ http://localhost:3000/js/network.js:7
[  115598ms] [ERROR] WebSocket error: Event @ http://localhost:3000/js/network.js:34
[  117609ms] [ERROR] WebSocket connection to 'ws://localhost:3000/' failed: Error in connection establishment: net::ERR_CONNECTION_REFUSED @ http://localhost:3000/js/network.js:7
[  117609ms] [ERROR] WebSocket error: Event @ http://localhost:3000/js/network.js:34
[  119631ms] [ERROR] WebSocket connection to 'ws://localhost:3000/' failed: Error in connection establishment: net::ERR_CONNECTION_REFUSED @ http://localhost:3000/js/network.js:7
[  119631ms] [ERROR] WebSocket error: Event @ http://localhost:3000/js/network.js:34
[  121654ms] [ERROR] WebSocket connection to 'ws://localhost:3000/' failed: Error in connection establishment: net::ERR_CONNECTION_REFUSED @ http://localhost:3000/js/network.js:7
[  121654ms] [ERROR] WebSocket error: Event @ http://localhost:3000/js/network.js:34
[  123668ms] [ERROR] WebSocket connection to 'ws://localhost:3000/' failed: Error in connection establishment: net::ERR_CONNECTION_REFUSED @ http://localhost:3000/js/network.js:7
[  123668ms] [ERROR] WebSocket error: Event @ http://localhost:3000/js/network.js:34
[  125684ms] [ERROR] WebSocket connection to 'ws://localhost:3000/' failed: Error in connection establishment: net::ERR_CONNECTION_REFUSED @ http://localhost:3000/js/network.js:7
[  125684ms] [ERROR] WebSocket error: Event @ http://localhost:3000/js/network.js:34
[  127698ms] [ERROR] WebSocket connection to 'ws://localhost:3000/' failed: Error in connection establishment: net::ERR_CONNECTION_REFUSED @ http://localhost:3000/js/network.js:7
[  127698ms] [ERROR] WebSocket error: Event @ http://localhost:3000/js/network.js:34
[  129738ms] [ERROR] WebSocket connection to 'ws://localhost:3000/' failed: Error in connection establishment: net::ERR_CONNECTION_REFUSED @ http://localhost:3000/js/network.js:7
[  129738ms] [ERROR] WebSocket error: Event @ http://localhost:3000/js/network.js:34
[  131787ms] [ERROR] WebSocket connection to 'ws://localhost:3000/' failed: Error in connection establishment: net::ERR_CONNECTION_REFUSED @ http://localhost:3000/js/network.js:7
[  131787ms] [ERROR] WebSocket error: Event @ http://localhost:3000/js/network.js:34
[  133846ms] [ERROR] WebSocket connection to 'ws://localhost:3000/' failed: Error in connection establishment: net::ERR_CONNECTION_REFUSED @ http://localhost:3000/js/network.js:7
[  133846ms] [ERROR] WebSocket error: Event @ http://localhost:3000/js/network.js:34
[  135892ms] [ERROR] WebSocket connection to 'ws://localhost:3000/' failed: Error in connection establishment: net::ERR_CONNECTION_REFUSED @ http://localhost:3000/js/network.js:7
[  135893ms] [ERROR] WebSocket error: Event @ http://localhost:3000/js/network.js:34
[  138011ms] [ERROR] WebSocket connection to 'ws://localhost:3000/' failed: Error in connection establishment: net::ERR_CONNECTION_REFUSED @ http://localhost:3000/js/network.js:7
[  138011ms] [ERROR] WebSocket error: Event @ http://localhost:3000/js/network.js:34
[  140067ms] [ERROR] WebSocket connection to 'ws://localhost:3000/' failed: Error in connection establishment: net::ERR_CONNECTION_REFUSED @ http://localhost:3000/js/network.js:7
[  140068ms] [ERROR] WebSocket error: Event @ http://localhost:3000/js/network.js:34
[  142147ms] [ERROR] WebSocket connection to 'ws://localhost:3000/' failed: Error in connection establishment: net::ERR_CONNECTION_REFUSED @ http://localhost:3000/js/network.js:7
[  142148ms] [ERROR] WebSocket error: Event @ http://localhost:3000/js/network.js:34
[  144437ms] [ERROR] WebSocket connection to 'ws://localhost:3000/' failed: Error in connection establishment: net::ERR_CONNECTION_REFUSED @ http://localhost:3000/js/network.js:7
[  144437ms] [ERROR] WebSocket error: Event @ http://localhost:3000/js/network.js:34
[  146512ms] [ERROR] WebSocket connection to 'ws://localhost:3000/' failed: Error in connection establishment: net::ERR_CONNECTION_REFUSED @ http://localhost:3000/js/network.js:7
[  146512ms] [ERROR] WebSocket error: Event @ http://localhost:3000/js/network.js:34
[  148712ms] [ERROR] WebSocket connection to 'ws://localhost:3000/' failed: Error in connection establishment: net::ERR_CONNECTION_REFUSED @ http://localhost:3000/js/network.js:7
[  148712ms] [ERROR] WebSocket error: Event @ http://localhost:3000/js/network.js:34
